#
# There is insufficient memory for the Java Runtime Environment to continue.
# Native memory allocation (malloc) failed to allocate 938496 bytes for Chunk::new
# Possible reasons:
#   The system is out of physical RAM or swap space
#   The process is running with CompressedOops enabled, and the Java Heap may be blocking the growth of the native heap
# Possible solutions:
#   Reduce memory load on the system
#   Increase physical memory or swap space
#   Check if swap backing store is full
#   Decrease Java heap size (-Xmx/-Xms)
#   Decrease number of Java threads
#   Decrease Java thread stack sizes (-Xss)
#   Set larger code cache with -XX:ReservedCodeCacheSize=
#   JVM is running with Unscaled Compressed Oops mode in which the Java heap is
#     placed in the first 4GB address space. The Java Heap base address is the
#     maximum limit for the native heap growth. Please use -XX:HeapBaseMinAddress
#     to set the Java Heap base and to place the Java Heap above 4GB virtual address.
# This output file may be truncated or incomplete.
#
#  Out of Memory Error (./src/hotspot/share/memory/arena.cpp:197), pid=14296, tid=14828
#
# JRE version: OpenJDK Runtime Environment (11.0.11+9) (build 11.0.11+9-b60-7590822)
# Java VM: OpenJDK 64-Bit Server VM (11.0.11+9-b60-7590822, mixed mode, tiered, compressed oops, g1 gc, windows-amd64)
# No core dump will be written. Minidumps are not enabled by default on client versions of Windows
#

---------------  S U M M A R Y ------------

Command Line: --add-opens=java.base/java.util=ALL-UNNAMED --add-opens=java.base/java.lang=ALL-UNNAMED --add-opens=java.base/java.lang.invoke=ALL-UNNAMED --add-opens=java.base/java.util=ALL-UNNAMED --add-opens=java.prefs/java.util.prefs=ALL-UNNAMED --add-opens=java.prefs/java.util.prefs=ALL-UNNAMED --add-opens=java.base/java.nio.charset=ALL-UNNAMED --add-opens=java.base/java.net=ALL-UNNAMED --add-opens=java.base/java.util.concurrent.atomic=ALL-UNNAMED -Xmx2048m -Dfile.encoding=UTF-8 -Duser.country=US -Duser.language=en -Duser.variant org.gradle.launcher.daemon.bootstrap.GradleDaemon 7.3.3

Host: Intel(R) Core(TM) i7-9750H CPU @ 2.60GHz, 12 cores, 15G,  Windows 10 , 64 bit Build 22000 (10.0.22000.708)
Time: Sat Jun 25 21:29:00 2022 Malay Peninsula Standard Time elapsed time: 12.530869 seconds (0d 0h 0m 12s)

---------------  T H R E A D  ---------------

Current thread (0x000002365098e000):  JavaThread "C2 CompilerThread1" daemon [_thread_in_native, id=14828, stack(0x000000a6e1d00000,0x000000a6e1e00000)]


Current CompileTask:
C2:  12530 4325   !   4       java.io.ObjectOutputStream::writeObject0 (619 bytes)

Stack: [0x000000a6e1d00000,0x000000a6e1e00000]
Native frames: (J=compiled Java code, j=interpreted, Vv=VM code, C=native code)
V  [jvm.dll+0x5f214a]
V  [jvm.dll+0x726fb5]
V  [jvm.dll+0x7285cd]
V  [jvm.dll+0x728c83]
V  [jvm.dll+0x243278]
V  [jvm.dll+0xbc53c]
V  [jvm.dll+0xbca3c]
V  [jvm.dll+0x2b5c34]
V  [jvm.dll+0x508488]
V  [jvm.dll+0x1fd4b5]
V  [jvm.dll+0x1fb35f]
V  [jvm.dll+0x183d6c]
V  [jvm.dll+0x209a57]
V  [jvm.dll+0x2082a1]
V  [jvm.dll+0x6ef58f]
V  [jvm.dll+0x6e80b5]
V  [jvm.dll+0x5f1036]
C  [ucrtbase.dll+0x26c0c]
C  [KERNEL32.DLL+0x154e0]
C  [ntdll.dll+0x485b]


---------------  P R O C E S S  ---------------

Threads class SMR info:
_java_thread_list=0x000002364fc83860, length=28, elements={
0x0000023631951800, 0x000002364ca9e800, 0x000002364caa2800, 0x000002364cb03800,
0x000002364cb04800, 0x000002364cb06000, 0x000002364cb07000, 0x000002364cb0b000,
0x000002364cb11800, 0x000002364cc7b000, 0x000002364f1d7000, 0x000002364ddb7800,
0x000002364f209800, 0x000002364f59a000, 0x000002364eb0e800, 0x000002364edf0000,
0x000002364fe7d000, 0x000002364fe7c000, 0x000002364fe79800, 0x000002364fe7e800,
0x000002364fe7f800, 0x0000023652a71000, 0x0000023652a72800, 0x0000023652a6f000,
0x0000023652a70000, 0x0000023652a79000, 0x000002365098e000, 0x000002364e176800
}

Java Threads: ( => current thread )
  0x0000023631951800 JavaThread "main" [_thread_blocked, id=27824, stack(0x000000a6df200000,0x000000a6df300000)]
  0x000002364ca9e800 JavaThread "Reference Handler" daemon [_thread_blocked, id=18520, stack(0x000000a6df900000,0x000000a6dfa00000)]
  0x000002364caa2800 JavaThread "Finalizer" daemon [_thread_blocked, id=27244, stack(0x000000a6dfa00000,0x000000a6dfb00000)]
  0x000002364cb03800 JavaThread "Signal Dispatcher" daemon [_thread_blocked, id=14760, stack(0x000000a6dfb00000,0x000000a6dfc00000)]
  0x000002364cb04800 JavaThread "Attach Listener" daemon [_thread_blocked, id=10088, stack(0x000000a6dfc00000,0x000000a6dfd00000)]
  0x000002364cb06000 JavaThread "Service Thread" daemon [_thread_blocked, id=8236, stack(0x000000a6dfd00000,0x000000a6dfe00000)]
  0x000002364cb07000 JavaThread "C2 CompilerThread0" daemon [_thread_blocked, id=35992, stack(0x000000a6dfe00000,0x000000a6dff00000)]
  0x000002364cb0b000 JavaThread "C1 CompilerThread0" daemon [_thread_blocked, id=33436, stack(0x000000a6dff00000,0x000000a6e0000000)]
  0x000002364cb11800 JavaThread "Sweeper thread" daemon [_thread_blocked, id=23384, stack(0x000000a6e0000000,0x000000a6e0100000)]
  0x000002364cc7b000 JavaThread "Common-Cleaner" daemon [_thread_blocked, id=28064, stack(0x000000a6e0100000,0x000000a6e0200000)]
  0x000002364f1d7000 JavaThread "Daemon health stats" [_thread_blocked, id=20360, stack(0x000000a6e0900000,0x000000a6e0a00000)]
  0x000002364ddb7800 JavaThread "Incoming local TCP Connector on port 60130" [_thread_in_native, id=25920, stack(0x000000a6e0300000,0x000000a6e0400000)]
  0x000002364f209800 JavaThread "Daemon periodic checks" [_thread_blocked, id=32204, stack(0x000000a6e0a00000,0x000000a6e0b00000)]
  0x000002364f59a000 JavaThread "Daemon" [_thread_blocked, id=3416, stack(0x000000a6e0b00000,0x000000a6e0c00000)]
  0x000002364eb0e800 JavaThread "Handler for socket connection from /127.0.0.1:60130 to /127.0.0.1:60132" [_thread_in_native, id=23956, stack(0x000000a6e0c00000,0x000000a6e0d00000)]
  0x000002364edf0000 JavaThread "Daemon worker" [_thread_blocked, id=18688, stack(0x000000a6e0e00000,0x000000a6e0f00000)]
  0x000002364fe7d000 JavaThread "Cache worker for journal cache (C:\Users\Razer\.gradle\caches\journal-1)" [_thread_blocked, id=36400, stack(0x000000a6e1200000,0x000000a6e1300000)]
  0x000002364fe7c000 JavaThread "File lock request listener" [_thread_in_native, id=25368, stack(0x000000a6e1300000,0x000000a6e1400000)]
  0x000002364fe79800 JavaThread "Cache worker for file hash cache (C:\Users\Razer\.gradle\caches\7.3.3\fileHashes)" [_thread_blocked, id=33316, stack(0x000000a6e1400000,0x000000a6e1500000)]
  0x000002364fe7e800 JavaThread "File watcher server" daemon [_thread_in_native, id=17184, stack(0x000000a6e1e00000,0x000000a6e1f00000)]
  0x000002364fe7f800 JavaThread "File watcher consumer" daemon [_thread_blocked, id=20280, stack(0x000000a6e1f00000,0x000000a6e2000000)]
  0x0000023652a71000 JavaThread "Cache worker for execution history cache (C:\Users\Razer\.gradle\caches\7.3.3\executionHistory)" [_thread_blocked, id=34908, stack(0x000000a6e2300000,0x000000a6e2400000)]
  0x0000023652a72800 JavaThread "jar transforms" [_thread_blocked, id=2120, stack(0x000000a6e2400000,0x000000a6e2500000)]
  0x0000023652a6f000 JavaThread "Cache worker for file content cache (C:\Users\Razer\.gradle\caches\7.3.3\fileContent)" [_thread_blocked, id=34900, stack(0x000000a6e2500000,0x000000a6e2600000)]
  0x0000023652a70000 JavaThread "jar transforms Thread 2" [_thread_blocked, id=21708, stack(0x000000a6e2600000,0x000000a6e2700000)]
  0x0000023652a79000 JavaThread "jar transforms Thread 3" [_thread_blocked, id=1596, stack(0x000000a6e2800000,0x000000a6e2900000)]
=>0x000002365098e000 JavaThread "C2 CompilerThread1" daemon [_thread_in_native, id=14828, stack(0x000000a6e1d00000,0x000000a6e1e00000)]
  0x000002364e176800 JavaThread "C2 CompilerThread2" daemon [_thread_blocked, id=34872, stack(0x000000a6e2900000,0x000000a6e2a00000)]

Other Threads:
  0x000002364ca9b800 VMThread "VM Thread" [stack: 0x000000a6df800000,0x000000a6df900000] [id=22540]
  0x000002364cc89000 WatcherThread [stack: 0x000000a6e0200000,0x000000a6e0300000] [id=25172]
  0x000002363196a000 GCTaskThread "GC Thread#0" [stack: 0x000000a6df300000,0x000000a6df400000] [id=17244]
  0x000002364d75e800 GCTaskThread "GC Thread#1" [stack: 0x000000a6e0400000,0x000000a6e0500000] [id=28856]
  0x000002364dcd8000 GCTaskThread "GC Thread#2" [stack: 0x000000a6e0500000,0x000000a6e0600000] [id=27100]
  0x000002364d8cc000 GCTaskThread "GC Thread#3" [stack: 0x000000a6e0600000,0x000000a6e0700000] [id=34336]
  0x000002364d8cd000 GCTaskThread "GC Thread#4" [stack: 0x000000a6e0700000,0x000000a6e0800000] [id=10684]
  0x000002364d786800 GCTaskThread "GC Thread#5" [stack: 0x000000a6e0800000,0x000000a6e0900000] [id=20876]
  0x000002364fe84800 GCTaskThread "GC Thread#6" [stack: 0x000000a6e1500000,0x000000a6e1600000] [id=7972]
  0x000002364ed0b000 GCTaskThread "GC Thread#7" [stack: 0x000000a6e1600000,0x000000a6e1700000] [id=14792]
  0x000002364e55e800 GCTaskThread "GC Thread#8" [stack: 0x000000a6e1700000,0x000000a6e1800000] [id=32352]
  0x000002364e6e7800 GCTaskThread "GC Thread#9" [stack: 0x000000a6e1800000,0x000000a6e1900000] [id=23304]
  0x000002363199e000 ConcurrentGCThread "G1 Main Marker" [stack: 0x000000a6df400000,0x000000a6df500000] [id=464]
  0x000002363199f000 ConcurrentGCThread "G1 Conc#0" [stack: 0x000000a6df500000,0x000000a6df600000] [id=6740]
  0x000002364dd79800 ConcurrentGCThread "G1 Conc#1" [stack: 0x000000a6e1900000,0x000000a6e1a00000] [id=28096]
  0x000002364dfc1800 ConcurrentGCThread "G1 Conc#2" [stack: 0x000000a6e1a00000,0x000000a6e1b00000] [id=3912]
  0x000002364c0e6800 ConcurrentGCThread "G1 Refine#0" [stack: 0x000000a6df600000,0x000000a6df700000] [id=9744]
  0x000002364c0e7800 ConcurrentGCThread "G1 Young RemSet Sampling" [stack: 0x000000a6df700000,0x000000a6df800000] [id=24580]

Threads with active compile tasks:
C2 CompilerThread1  12609 4325   !   4       java.io.ObjectOutputStream::writeObject0 (619 bytes)

VM state:not at safepoint (normal execution)

VM Mutex/Monitor currently owned by a thread: None

Heap address: 0x0000000080000000, size: 2048 MB, Compressed Oops mode: 32-bit
Narrow klass base: 0x0000000000000000, Narrow klass shift: 3
Compressed class space size: 1073741824 Address: 0x0000000100000000

Heap:
 garbage-first heap   total 260096K, used 61504K [0x0000000080000000, 0x0000000100000000)
  region size 1024K, 45 young (46080K), 13 survivors (13312K)
 Metaspace       used 48380K, capacity 49761K, committed 49792K, reserved 1093632K
  class space    used 6250K, capacity 6762K, committed 6784K, reserved 1048576K
Heap Regions: E=young(eden), S=young(survivor), O=old, HS=humongous(starts), HC=humongous(continues), CS=collection set, F=free, A=archive, TAMS=top-at-mark-start (previous, next)
|   0|0x0000000080000000, 0x0000000080100000, 0x0000000080100000|100%| O|  |TAMS 0x0000000080100000, 0x0000000080000000| Untracked 
|   1|0x0000000080100000, 0x0000000080200000, 0x0000000080200000|100%| O|  |TAMS 0x0000000080200000, 0x0000000080100000| Untracked 
|   2|0x0000000080200000, 0x0000000080300000, 0x0000000080300000|100%| O|  |TAMS 0x0000000080300000, 0x0000000080200000| Untracked 
|   3|0x0000000080300000, 0x0000000080400000, 0x0000000080400000|100%|HS|  |TAMS 0x0000000080400000, 0x0000000080300000| Complete 
|   4|0x0000000080400000, 0x0000000080500000, 0x0000000080500000|100%|HC|  |TAMS 0x0000000080500000, 0x0000000080400000| Complete 
|   5|0x0000000080500000, 0x0000000080600000, 0x0000000080600000|100%|HC|  |TAMS 0x0000000080600000, 0x0000000080500000| Complete 
|   6|0x0000000080600000, 0x0000000080700000, 0x0000000080700000|100%| O|  |TAMS 0x0000000080700000, 0x0000000080600000| Untracked 
|   7|0x0000000080700000, 0x0000000080800000, 0x0000000080800000|100%| O|  |TAMS 0x0000000080800000, 0x0000000080700000| Untracked 
|   8|0x0000000080800000, 0x0000000080900000, 0x0000000080900000|100%| O|  |TAMS 0x0000000080900000, 0x0000000080800000| Untracked 
|   9|0x0000000080900000, 0x0000000080a00000, 0x0000000080a00000|100%| O|  |TAMS 0x0000000080a00000, 0x0000000080900000| Untracked 
|  10|0x0000000080a00000, 0x0000000080b00000, 0x0000000080b00000|100%| O|  |TAMS 0x0000000080b00000, 0x0000000080a00000| Untracked 
|  11|0x0000000080b00000, 0x0000000080c00000, 0x0000000080c00000|100%| O|  |TAMS 0x0000000080c00000, 0x0000000080b00000| Untracked 
|  12|0x0000000080c00000, 0x0000000080d00000, 0x0000000080d00000|100%| O|  |TAMS 0x0000000080d00000, 0x0000000080c00000| Untracked 
|  13|0x0000000080d00000, 0x0000000080e00000, 0x0000000080e00000|100%| O|  |TAMS 0x0000000080e00000, 0x0000000080d00000| Untracked 
|  14|0x0000000080e00000, 0x0000000080f00000, 0x0000000080f00000|100%| O|  |TAMS 0x0000000080f00000, 0x0000000080e00000| Untracked 
|  15|0x0000000080f00000, 0x0000000081000000, 0x0000000081000000|100%| O|  |TAMS 0x0000000081000000, 0x0000000080f00000| Untracked 
|  16|0x0000000081000000, 0x000000008103d600, 0x0000000081100000| 23%| O|  |TAMS 0x000000008103d600, 0x0000000081000000| Untracked 
|  17|0x0000000081100000, 0x0000000081100000, 0x0000000081200000|  0%| F|  |TAMS 0x0000000081100000, 0x0000000081100000| Untracked 
|  18|0x0000000081200000, 0x0000000081200000, 0x0000000081300000|  0%| F|  |TAMS 0x0000000081200000, 0x0000000081200000| Untracked 
|  19|0x0000000081300000, 0x0000000081300000, 0x0000000081400000|  0%| F|  |TAMS 0x0000000081300000, 0x0000000081300000| Untracked 
|  20|0x0000000081400000, 0x0000000081400000, 0x0000000081500000|  0%| F|  |TAMS 0x0000000081400000, 0x0000000081400000| Untracked 
|  21|0x0000000081500000, 0x0000000081500000, 0x0000000081600000|  0%| F|  |TAMS 0x0000000081500000, 0x0000000081500000| Untracked 
|  22|0x0000000081600000, 0x0000000081600000, 0x0000000081700000|  0%| F|  |TAMS 0x0000000081600000, 0x0000000081600000| Untracked 
|  23|0x0000000081700000, 0x0000000081700000, 0x0000000081800000|  0%| F|  |TAMS 0x0000000081700000, 0x0000000081700000| Untracked 
|  24|0x0000000081800000, 0x0000000081800000, 0x0000000081900000|  0%| F|  |TAMS 0x0000000081800000, 0x0000000081800000| Untracked 
|  25|0x0000000081900000, 0x0000000081900000, 0x0000000081a00000|  0%| F|  |TAMS 0x0000000081900000, 0x0000000081900000| Untracked 
|  26|0x0000000081a00000, 0x0000000081a00000, 0x0000000081b00000|  0%| F|  |TAMS 0x0000000081a00000, 0x0000000081a00000| Untracked 
|  27|0x0000000081b00000, 0x0000000081b00000, 0x0000000081c00000|  0%| F|  |TAMS 0x0000000081b00000, 0x0000000081b00000| Untracked 
|  28|0x0000000081c00000, 0x0000000081c00000, 0x0000000081d00000|  0%| F|  |TAMS 0x0000000081c00000, 0x0000000081c00000| Untracked 
|  29|0x0000000081d00000, 0x0000000081d00000, 0x0000000081e00000|  0%| F|  |TAMS 0x0000000081d00000, 0x0000000081d00000| Untracked 
|  30|0x0000000081e00000, 0x0000000081e00000, 0x0000000081f00000|  0%| F|  |TAMS 0x0000000081e00000, 0x0000000081e00000| Untracked 
|  31|0x0000000081f00000, 0x0000000081f00000, 0x0000000082000000|  0%| F|  |TAMS 0x0000000081f00000, 0x0000000081f00000| Untracked 
|  32|0x0000000082000000, 0x0000000082000000, 0x0000000082100000|  0%| F|  |TAMS 0x0000000082000000, 0x0000000082000000| Untracked 
|  33|0x0000000082100000, 0x0000000082100000, 0x0000000082200000|  0%| F|  |TAMS 0x0000000082100000, 0x0000000082100000| Untracked 
|  34|0x0000000082200000, 0x0000000082200000, 0x0000000082300000|  0%| F|  |TAMS 0x0000000082200000, 0x0000000082200000| Untracked 
|  35|0x0000000082300000, 0x0000000082300000, 0x0000000082400000|  0%| F|  |TAMS 0x0000000082300000, 0x0000000082300000| Untracked 
|  36|0x0000000082400000, 0x0000000082400000, 0x0000000082500000|  0%| F|  |TAMS 0x0000000082400000, 0x0000000082400000| Untracked 
|  37|0x0000000082500000, 0x0000000082500000, 0x0000000082600000|  0%| F|  |TAMS 0x0000000082500000, 0x0000000082500000| Untracked 
|  38|0x0000000082600000, 0x0000000082600000, 0x0000000082700000|  0%| F|  |TAMS 0x0000000082600000, 0x0000000082600000| Untracked 
|  39|0x0000000082700000, 0x0000000082700000, 0x0000000082800000|  0%| F|  |TAMS 0x0000000082700000, 0x0000000082700000| Untracked 
|  40|0x0000000082800000, 0x0000000082800000, 0x0000000082900000|  0%| F|  |TAMS 0x0000000082800000, 0x0000000082800000| Untracked 
|  41|0x0000000082900000, 0x0000000082900000, 0x0000000082a00000|  0%| F|  |TAMS 0x0000000082900000, 0x0000000082900000| Untracked 
|  42|0x0000000082a00000, 0x0000000082a00000, 0x0000000082b00000|  0%| F|  |TAMS 0x0000000082a00000, 0x0000000082a00000| Untracked 
|  43|0x0000000082b00000, 0x0000000082b00000, 0x0000000082c00000|  0%| F|  |TAMS 0x0000000082b00000, 0x0000000082b00000| Untracked 
|  44|0x0000000082c00000, 0x0000000082c00000, 0x0000000082d00000|  0%| F|  |TAMS 0x0000000082c00000, 0x0000000082c00000| Untracked 
|  45|0x0000000082d00000, 0x0000000082d00000, 0x0000000082e00000|  0%| F|  |TAMS 0x0000000082d00000, 0x0000000082d00000| Untracked 
|  46|0x0000000082e00000, 0x0000000082e00000, 0x0000000082f00000|  0%| F|  |TAMS 0x0000000082e00000, 0x0000000082e00000| Untracked 
|  47|0x0000000082f00000, 0x0000000082f00000, 0x0000000083000000|  0%| F|  |TAMS 0x0000000082f00000, 0x0000000082f00000| Untracked 
|  48|0x0000000083000000, 0x0000000083000000, 0x0000000083100000|  0%| F|  |TAMS 0x0000000083000000, 0x0000000083000000| Untracked 
|  49|0x0000000083100000, 0x0000000083100000, 0x0000000083200000|  0%| F|  |TAMS 0x0000000083100000, 0x0000000083100000| Untracked 
|  50|0x0000000083200000, 0x0000000083200000, 0x0000000083300000|  0%| F|  |TAMS 0x0000000083200000, 0x0000000083200000| Untracked 
|  51|0x0000000083300000, 0x0000000083300000, 0x0000000083400000|  0%| F|  |TAMS 0x0000000083300000, 0x0000000083300000| Untracked 
|  52|0x0000000083400000, 0x0000000083400000, 0x0000000083500000|  0%| F|  |TAMS 0x0000000083400000, 0x0000000083400000| Untracked 
|  53|0x0000000083500000, 0x0000000083500000, 0x0000000083600000|  0%| F|  |TAMS 0x0000000083500000, 0x0000000083500000| Untracked 
|  54|0x0000000083600000, 0x0000000083600000, 0x0000000083700000|  0%| F|  |TAMS 0x0000000083600000, 0x0000000083600000| Untracked 
|  55|0x0000000083700000, 0x0000000083700000, 0x0000000083800000|  0%| F|  |TAMS 0x0000000083700000, 0x0000000083700000| Untracked 
|  56|0x0000000083800000, 0x0000000083800000, 0x0000000083900000|  0%| F|  |TAMS 0x0000000083800000, 0x0000000083800000| Untracked 
|  57|0x0000000083900000, 0x0000000083900000, 0x0000000083a00000|  0%| F|  |TAMS 0x0000000083900000, 0x0000000083900000| Untracked 
|  58|0x0000000083a00000, 0x0000000083a00000, 0x0000000083b00000|  0%| F|  |TAMS 0x0000000083a00000, 0x0000000083a00000| Untracked 
|  59|0x0000000083b00000, 0x0000000083b00000, 0x0000000083c00000|  0%| F|  |TAMS 0x0000000083b00000, 0x0000000083b00000| Untracked 
|  60|0x0000000083c00000, 0x0000000083c00000, 0x0000000083d00000|  0%| F|  |TAMS 0x0000000083c00000, 0x0000000083c00000| Untracked 
|  61|0x0000000083d00000, 0x0000000083d00000, 0x0000000083e00000|  0%| F|  |TAMS 0x0000000083d00000, 0x0000000083d00000| Untracked 
|  62|0x0000000083e00000, 0x0000000083e00000, 0x0000000083f00000|  0%| F|  |TAMS 0x0000000083e00000, 0x0000000083e00000| Untracked 
|  63|0x0000000083f00000, 0x0000000083f00000, 0x0000000084000000|  0%| F|  |TAMS 0x0000000083f00000, 0x0000000083f00000| Untracked 
|  64|0x0000000084000000, 0x0000000084000000, 0x0000000084100000|  0%| F|  |TAMS 0x0000000084000000, 0x0000000084000000| Untracked 
|  65|0x0000000084100000, 0x0000000084100000, 0x0000000084200000|  0%| F|  |TAMS 0x0000000084100000, 0x0000000084100000| Untracked 
|  66|0x0000000084200000, 0x0000000084200000, 0x0000000084300000|  0%| F|  |TAMS 0x0000000084200000, 0x0000000084200000| Untracked 
|  67|0x0000000084300000, 0x0000000084300000, 0x0000000084400000|  0%| F|  |TAMS 0x0000000084300000, 0x0000000084300000| Untracked 
|  68|0x0000000084400000, 0x0000000084400000, 0x0000000084500000|  0%| F|  |TAMS 0x0000000084400000, 0x0000000084400000| Untracked 
|  69|0x0000000084500000, 0x0000000084500000, 0x0000000084600000|  0%| F|  |TAMS 0x0000000084500000, 0x0000000084500000| Untracked 
|  70|0x0000000084600000, 0x0000000084600000, 0x0000000084700000|  0%| F|  |TAMS 0x0000000084600000, 0x0000000084600000| Untracked 
|  71|0x0000000084700000, 0x0000000084700000, 0x0000000084800000|  0%| F|  |TAMS 0x0000000084700000, 0x0000000084700000| Untracked 
|  72|0x0000000084800000, 0x0000000084800000, 0x0000000084900000|  0%| F|  |TAMS 0x0000000084800000, 0x0000000084800000| Untracked 
|  73|0x0000000084900000, 0x0000000084900000, 0x0000000084a00000|  0%| F|  |TAMS 0x0000000084900000, 0x0000000084900000| Untracked 
|  74|0x0000000084a00000, 0x0000000084a00000, 0x0000000084b00000|  0%| F|  |TAMS 0x0000000084a00000, 0x0000000084a00000| Untracked 
|  75|0x0000000084b00000, 0x0000000084b00000, 0x0000000084c00000|  0%| F|  |TAMS 0x0000000084b00000, 0x0000000084b00000| Untracked 
|  76|0x0000000084c00000, 0x0000000084c00000, 0x0000000084d00000|  0%| F|  |TAMS 0x0000000084c00000, 0x0000000084c00000| Untracked 
|  77|0x0000000084d00000, 0x0000000084d00000, 0x0000000084e00000|  0%| F|  |TAMS 0x0000000084d00000, 0x0000000084d00000| Untracked 
|  78|0x0000000084e00000, 0x0000000084e00000, 0x0000000084f00000|  0%| F|  |TAMS 0x0000000084e00000, 0x0000000084e00000| Untracked 
|  79|0x0000000084f00000, 0x0000000084f00000, 0x0000000085000000|  0%| F|  |TAMS 0x0000000084f00000, 0x0000000084f00000| Untracked 
|  80|0x0000000085000000, 0x0000000085000000, 0x0000000085100000|  0%| F|  |TAMS 0x0000000085000000, 0x0000000085000000| Untracked 
|  81|0x0000000085100000, 0x0000000085100000, 0x0000000085200000|  0%| F|  |TAMS 0x0000000085100000, 0x0000000085100000| Untracked 
|  82|0x0000000085200000, 0x0000000085200000, 0x0000000085300000|  0%| F|  |TAMS 0x0000000085200000, 0x0000000085200000| Untracked 
|  83|0x0000000085300000, 0x0000000085300000, 0x0000000085400000|  0%| F|  |TAMS 0x0000000085300000, 0x0000000085300000| Untracked 
|  84|0x0000000085400000, 0x0000000085400000, 0x0000000085500000|  0%| F|  |TAMS 0x0000000085400000, 0x0000000085400000| Untracked 
|  85|0x0000000085500000, 0x0000000085500000, 0x0000000085600000|  0%| F|  |TAMS 0x0000000085500000, 0x0000000085500000| Untracked 
|  86|0x0000000085600000, 0x0000000085600000, 0x0000000085700000|  0%| F|  |TAMS 0x0000000085600000, 0x0000000085600000| Untracked 
|  87|0x0000000085700000, 0x0000000085700000, 0x0000000085800000|  0%| F|  |TAMS 0x0000000085700000, 0x0000000085700000| Untracked 
|  88|0x0000000085800000, 0x0000000085800000, 0x0000000085900000|  0%| F|  |TAMS 0x0000000085800000, 0x0000000085800000| Untracked 
|  89|0x0000000085900000, 0x0000000085900000, 0x0000000085a00000|  0%| F|  |TAMS 0x0000000085900000, 0x0000000085900000| Untracked 
|  90|0x0000000085a00000, 0x0000000085a00000, 0x0000000085b00000|  0%| F|  |TAMS 0x0000000085a00000, 0x0000000085a00000| Untracked 
|  91|0x0000000085b00000, 0x0000000085b00000, 0x0000000085c00000|  0%| F|  |TAMS 0x0000000085b00000, 0x0000000085b00000| Untracked 
|  92|0x0000000085c00000, 0x0000000085c00000, 0x0000000085d00000|  0%| F|  |TAMS 0x0000000085c00000, 0x0000000085c00000| Untracked 
|  93|0x0000000085d00000, 0x0000000085d00000, 0x0000000085e00000|  0%| F|  |TAMS 0x0000000085d00000, 0x0000000085d00000| Untracked 
|  94|0x0000000085e00000, 0x0000000085e00000, 0x0000000085f00000|  0%| F|  |TAMS 0x0000000085e00000, 0x0000000085e00000| Untracked 
|  95|0x0000000085f00000, 0x0000000085f00000, 0x0000000086000000|  0%| F|  |TAMS 0x0000000085f00000, 0x0000000085f00000| Untracked 
|  96|0x0000000086000000, 0x0000000086000000, 0x0000000086100000|  0%| F|  |TAMS 0x0000000086000000, 0x0000000086000000| Untracked 
|  97|0x0000000086100000, 0x0000000086100000, 0x0000000086200000|  0%| F|  |TAMS 0x0000000086100000, 0x0000000086100000| Untracked 
|  98|0x0000000086200000, 0x0000000086200000, 0x0000000086300000|  0%| F|  |TAMS 0x0000000086200000, 0x0000000086200000| Untracked 
|  99|0x0000000086300000, 0x0000000086300000, 0x0000000086400000|  0%| F|  |TAMS 0x0000000086300000, 0x0000000086300000| Untracked 
| 100|0x0000000086400000, 0x0000000086400000, 0x0000000086500000|  0%| F|  |TAMS 0x0000000086400000, 0x0000000086400000| Untracked 
| 101|0x0000000086500000, 0x0000000086500000, 0x0000000086600000|  0%| F|  |TAMS 0x0000000086500000, 0x0000000086500000| Untracked 
| 102|0x0000000086600000, 0x0000000086600000, 0x0000000086700000|  0%| F|  |TAMS 0x0000000086600000, 0x0000000086600000| Untracked 
| 103|0x0000000086700000, 0x0000000086700000, 0x0000000086800000|  0%| F|  |TAMS 0x0000000086700000, 0x0000000086700000| Untracked 
| 104|0x0000000086800000, 0x0000000086800000, 0x0000000086900000|  0%| F|  |TAMS 0x0000000086800000, 0x0000000086800000| Untracked 
| 105|0x0000000086900000, 0x0000000086900000, 0x0000000086a00000|  0%| F|  |TAMS 0x0000000086900000, 0x0000000086900000| Untracked 
| 106|0x0000000086a00000, 0x0000000086a00000, 0x0000000086b00000|  0%| F|  |TAMS 0x0000000086a00000, 0x0000000086a00000| Untracked 
| 107|0x0000000086b00000, 0x0000000086bd2bf8, 0x0000000086c00000| 82%| S|CS|TAMS 0x0000000086b00000, 0x0000000086b00000| Complete 
| 108|0x0000000086c00000, 0x0000000086d00000, 0x0000000086d00000|100%| S|CS|TAMS 0x0000000086c00000, 0x0000000086c00000| Complete 
| 109|0x0000000086d00000, 0x0000000086e00000, 0x0000000086e00000|100%| S|CS|TAMS 0x0000000086d00000, 0x0000000086d00000| Complete 
| 110|0x0000000086e00000, 0x0000000086f00000, 0x0000000086f00000|100%| S|CS|TAMS 0x0000000086e00000, 0x0000000086e00000| Complete 
| 111|0x0000000086f00000, 0x0000000087000000, 0x0000000087000000|100%| S|CS|TAMS 0x0000000086f00000, 0x0000000086f00000| Complete 
| 112|0x0000000087000000, 0x0000000087100000, 0x0000000087100000|100%| S|CS|TAMS 0x0000000087000000, 0x0000000087000000| Complete 
| 113|0x0000000087100000, 0x0000000087200000, 0x0000000087200000|100%| S|CS|TAMS 0x0000000087100000, 0x0000000087100000| Complete 
| 114|0x0000000087200000, 0x0000000087300000, 0x0000000087300000|100%| S|CS|TAMS 0x0000000087200000, 0x0000000087200000| Complete 
| 115|0x0000000087300000, 0x0000000087400000, 0x0000000087400000|100%| S|CS|TAMS 0x0000000087300000, 0x0000000087300000| Complete 
| 116|0x0000000087400000, 0x0000000087500000, 0x0000000087500000|100%| S|CS|TAMS 0x0000000087400000, 0x0000000087400000| Complete 
| 117|0x0000000087500000, 0x0000000087600000, 0x0000000087600000|100%| S|CS|TAMS 0x0000000087500000, 0x0000000087500000| Complete 
| 118|0x0000000087600000, 0x0000000087700000, 0x0000000087700000|100%| S|CS|TAMS 0x0000000087600000, 0x0000000087600000| Complete 
| 119|0x0000000087700000, 0x0000000087800000, 0x0000000087800000|100%| S|CS|TAMS 0x0000000087700000, 0x0000000087700000| Complete 
| 120|0x0000000087800000, 0x0000000087800000, 0x0000000087900000|  0%| F|  |TAMS 0x0000000087800000, 0x0000000087800000| Untracked 
| 121|0x0000000087900000, 0x0000000087900000, 0x0000000087a00000|  0%| F|  |TAMS 0x0000000087900000, 0x0000000087900000| Untracked 
| 122|0x0000000087a00000, 0x0000000087a00000, 0x0000000087b00000|  0%| F|  |TAMS 0x0000000087a00000, 0x0000000087a00000| Untracked 
| 123|0x0000000087b00000, 0x0000000087b00000, 0x0000000087c00000|  0%| F|  |TAMS 0x0000000087b00000, 0x0000000087b00000| Untracked 
| 124|0x0000000087c00000, 0x0000000087c00000, 0x0000000087d00000|  0%| F|  |TAMS 0x0000000087c00000, 0x0000000087c00000| Untracked 
| 125|0x0000000087d00000, 0x0000000087d00000, 0x0000000087e00000|  0%| F|  |TAMS 0x0000000087d00000, 0x0000000087d00000| Untracked 
| 126|0x0000000087e00000, 0x0000000087e00000, 0x0000000087f00000|  0%| F|  |TAMS 0x0000000087e00000, 0x0000000087e00000| Untracked 
| 127|0x0000000087f00000, 0x0000000087f00000, 0x0000000088000000|  0%| F|  |TAMS 0x0000000087f00000, 0x0000000087f00000| Untracked 
| 128|0x0000000088000000, 0x0000000088000000, 0x0000000088100000|  0%| F|  |TAMS 0x0000000088000000, 0x0000000088000000| Untracked 
| 129|0x0000000088100000, 0x0000000088100000, 0x0000000088200000|  0%| F|  |TAMS 0x0000000088100000, 0x0000000088100000| Untracked 
| 130|0x0000000088200000, 0x0000000088200000, 0x0000000088300000|  0%| F|  |TAMS 0x0000000088200000, 0x0000000088200000| Untracked 
| 131|0x0000000088300000, 0x0000000088300000, 0x0000000088400000|  0%| F|  |TAMS 0x0000000088300000, 0x0000000088300000| Untracked 
| 132|0x0000000088400000, 0x0000000088400000, 0x0000000088500000|  0%| F|  |TAMS 0x0000000088400000, 0x0000000088400000| Untracked 
| 133|0x0000000088500000, 0x0000000088500000, 0x0000000088600000|  0%| F|  |TAMS 0x0000000088500000, 0x0000000088500000| Untracked 
| 134|0x0000000088600000, 0x0000000088600000, 0x0000000088700000|  0%| F|  |TAMS 0x0000000088600000, 0x0000000088600000| Untracked 
| 135|0x0000000088700000, 0x0000000088700000, 0x0000000088800000|  0%| F|  |TAMS 0x0000000088700000, 0x0000000088700000| Untracked 
| 136|0x0000000088800000, 0x0000000088800000, 0x0000000088900000|  0%| F|  |TAMS 0x0000000088800000, 0x0000000088800000| Untracked 
| 137|0x0000000088900000, 0x0000000088900000, 0x0000000088a00000|  0%| F|  |TAMS 0x0000000088900000, 0x0000000088900000| Untracked 
| 138|0x0000000088a00000, 0x0000000088a00000, 0x0000000088b00000|  0%| F|  |TAMS 0x0000000088a00000, 0x0000000088a00000| Untracked 
| 139|0x0000000088b00000, 0x0000000088b00000, 0x0000000088c00000|  0%| F|  |TAMS 0x0000000088b00000, 0x0000000088b00000| Untracked 
| 140|0x0000000088c00000, 0x0000000088c00000, 0x0000000088d00000|  0%| F|  |TAMS 0x0000000088c00000, 0x0000000088c00000| Untracked 
| 141|0x0000000088d00000, 0x0000000088d00000, 0x0000000088e00000|  0%| F|  |TAMS 0x0000000088d00000, 0x0000000088d00000| Untracked 
| 142|0x0000000088e00000, 0x0000000088e00000, 0x0000000088f00000|  0%| F|  |TAMS 0x0000000088e00000, 0x0000000088e00000| Untracked 
| 143|0x0000000088f00000, 0x0000000088f00000, 0x0000000089000000|  0%| F|  |TAMS 0x0000000088f00000, 0x0000000088f00000| Untracked 
| 144|0x0000000089000000, 0x0000000089000000, 0x0000000089100000|  0%| F|  |TAMS 0x0000000089000000, 0x0000000089000000| Untracked 
| 145|0x0000000089100000, 0x0000000089100000, 0x0000000089200000|  0%| F|  |TAMS 0x0000000089100000, 0x0000000089100000| Untracked 
| 146|0x0000000089200000, 0x0000000089200000, 0x0000000089300000|  0%| F|  |TAMS 0x0000000089200000, 0x0000000089200000| Untracked 
| 147|0x0000000089300000, 0x0000000089300000, 0x0000000089400000|  0%| F|  |TAMS 0x0000000089300000, 0x0000000089300000| Untracked 
| 148|0x0000000089400000, 0x0000000089400000, 0x0000000089500000|  0%| F|  |TAMS 0x0000000089400000, 0x0000000089400000| Untracked 
| 149|0x0000000089500000, 0x0000000089500000, 0x0000000089600000|  0%| F|  |TAMS 0x0000000089500000, 0x0000000089500000| Untracked 
| 150|0x0000000089600000, 0x0000000089600000, 0x0000000089700000|  0%| F|  |TAMS 0x0000000089600000, 0x0000000089600000| Untracked 
| 151|0x0000000089700000, 0x0000000089700000, 0x0000000089800000|  0%| F|  |TAMS 0x0000000089700000, 0x0000000089700000| Untracked 
| 152|0x0000000089800000, 0x0000000089800000, 0x0000000089900000|  0%| F|  |TAMS 0x0000000089800000, 0x0000000089800000| Untracked 
| 153|0x0000000089900000, 0x0000000089900000, 0x0000000089a00000|  0%| F|  |TAMS 0x0000000089900000, 0x0000000089900000| Untracked 
| 154|0x0000000089a00000, 0x0000000089a00000, 0x0000000089b00000|  0%| F|  |TAMS 0x0000000089a00000, 0x0000000089a00000| Untracked 
| 155|0x0000000089b00000, 0x0000000089b00000, 0x0000000089c00000|  0%| F|  |TAMS 0x0000000089b00000, 0x0000000089b00000| Untracked 
| 156|0x0000000089c00000, 0x0000000089c00000, 0x0000000089d00000|  0%| F|  |TAMS 0x0000000089c00000, 0x0000000089c00000| Untracked 
| 157|0x0000000089d00000, 0x0000000089d00000, 0x0000000089e00000|  0%| F|  |TAMS 0x0000000089d00000, 0x0000000089d00000| Untracked 
| 158|0x0000000089e00000, 0x0000000089e00000, 0x0000000089f00000|  0%| F|  |TAMS 0x0000000089e00000, 0x0000000089e00000| Untracked 
| 159|0x0000000089f00000, 0x0000000089f00000, 0x000000008a000000|  0%| F|  |TAMS 0x0000000089f00000, 0x0000000089f00000| Untracked 
| 160|0x000000008a000000, 0x000000008a000000, 0x000000008a100000|  0%| F|  |TAMS 0x000000008a000000, 0x000000008a000000| Untracked 
| 161|0x000000008a100000, 0x000000008a100000, 0x000000008a200000|  0%| F|  |TAMS 0x000000008a100000, 0x000000008a100000| Untracked 
| 162|0x000000008a200000, 0x000000008a200000, 0x000000008a300000|  0%| F|  |TAMS 0x000000008a200000, 0x000000008a200000| Untracked 
| 163|0x000000008a300000, 0x000000008a300000, 0x000000008a400000|  0%| F|  |TAMS 0x000000008a300000, 0x000000008a300000| Untracked 
| 164|0x000000008a400000, 0x000000008a400000, 0x000000008a500000|  0%| F|  |TAMS 0x000000008a400000, 0x000000008a400000| Untracked 
| 165|0x000000008a500000, 0x000000008a500000, 0x000000008a600000|  0%| F|  |TAMS 0x000000008a500000, 0x000000008a500000| Untracked 
| 166|0x000000008a600000, 0x000000008a600000, 0x000000008a700000|  0%| F|  |TAMS 0x000000008a600000, 0x000000008a600000| Untracked 
| 167|0x000000008a700000, 0x000000008a700000, 0x000000008a800000|  0%| F|  |TAMS 0x000000008a700000, 0x000000008a700000| Untracked 
| 168|0x000000008a800000, 0x000000008a800000, 0x000000008a900000|  0%| F|  |TAMS 0x000000008a800000, 0x000000008a800000| Untracked 
| 169|0x000000008a900000, 0x000000008a900000, 0x000000008aa00000|  0%| F|  |TAMS 0x000000008a900000, 0x000000008a900000| Untracked 
| 170|0x000000008aa00000, 0x000000008aa00000, 0x000000008ab00000|  0%| F|  |TAMS 0x000000008aa00000, 0x000000008aa00000| Untracked 
| 171|0x000000008ab00000, 0x000000008ab00000, 0x000000008ac00000|  0%| F|  |TAMS 0x000000008ab00000, 0x000000008ab00000| Untracked 
| 172|0x000000008ac00000, 0x000000008ac00000, 0x000000008ad00000|  0%| F|  |TAMS 0x000000008ac00000, 0x000000008ac00000| Untracked 
| 173|0x000000008ad00000, 0x000000008ad00000, 0x000000008ae00000|  0%| F|  |TAMS 0x000000008ad00000, 0x000000008ad00000| Untracked 
| 174|0x000000008ae00000, 0x000000008ae00000, 0x000000008af00000|  0%| F|  |TAMS 0x000000008ae00000, 0x000000008ae00000| Untracked 
| 175|0x000000008af00000, 0x000000008af00000, 0x000000008b000000|  0%| F|  |TAMS 0x000000008af00000, 0x000000008af00000| Untracked 
| 176|0x000000008b000000, 0x000000008b000000, 0x000000008b100000|  0%| F|  |TAMS 0x000000008b000000, 0x000000008b000000| Untracked 
| 177|0x000000008b100000, 0x000000008b100000, 0x000000008b200000|  0%| F|  |TAMS 0x000000008b100000, 0x000000008b100000| Untracked 
| 178|0x000000008b200000, 0x000000008b200000, 0x000000008b300000|  0%| F|  |TAMS 0x000000008b200000, 0x000000008b200000| Untracked 
| 179|0x000000008b300000, 0x000000008b300000, 0x000000008b400000|  0%| F|  |TAMS 0x000000008b300000, 0x000000008b300000| Untracked 
| 180|0x000000008b400000, 0x000000008b400000, 0x000000008b500000|  0%| F|  |TAMS 0x000000008b400000, 0x000000008b400000| Untracked 
| 181|0x000000008b500000, 0x000000008b500000, 0x000000008b600000|  0%| F|  |TAMS 0x000000008b500000, 0x000000008b500000| Untracked 
| 182|0x000000008b600000, 0x000000008b600000, 0x000000008b700000|  0%| F|  |TAMS 0x000000008b600000, 0x000000008b600000| Untracked 
| 183|0x000000008b700000, 0x000000008b700000, 0x000000008b800000|  0%| F|  |TAMS 0x000000008b700000, 0x000000008b700000| Untracked 
| 184|0x000000008b800000, 0x000000008b800000, 0x000000008b900000|  0%| F|  |TAMS 0x000000008b800000, 0x000000008b800000| Untracked 
| 185|0x000000008b900000, 0x000000008b900000, 0x000000008ba00000|  0%| F|  |TAMS 0x000000008b900000, 0x000000008b900000| Untracked 
| 186|0x000000008ba00000, 0x000000008ba00000, 0x000000008bb00000|  0%| F|  |TAMS 0x000000008ba00000, 0x000000008ba00000| Untracked 
| 187|0x000000008bb00000, 0x000000008bb00000, 0x000000008bc00000|  0%| F|  |TAMS 0x000000008bb00000, 0x000000008bb00000| Untracked 
| 188|0x000000008bc00000, 0x000000008bc00000, 0x000000008bd00000|  0%| F|  |TAMS 0x000000008bc00000, 0x000000008bc00000| Untracked 
| 189|0x000000008bd00000, 0x000000008bd00000, 0x000000008be00000|  0%| F|  |TAMS 0x000000008bd00000, 0x000000008bd00000| Untracked 
| 190|0x000000008be00000, 0x000000008be00000, 0x000000008bf00000|  0%| F|  |TAMS 0x000000008be00000, 0x000000008be00000| Untracked 
| 191|0x000000008bf00000, 0x000000008bf00000, 0x000000008c000000|  0%| F|  |TAMS 0x000000008bf00000, 0x000000008bf00000| Untracked 
| 192|0x000000008c000000, 0x000000008c000000, 0x000000008c100000|  0%| F|  |TAMS 0x000000008c000000, 0x000000008c000000| Untracked 
| 193|0x000000008c100000, 0x000000008c100000, 0x000000008c200000|  0%| F|  |TAMS 0x000000008c100000, 0x000000008c100000| Untracked 
| 194|0x000000008c200000, 0x000000008c200000, 0x000000008c300000|  0%| F|  |TAMS 0x000000008c200000, 0x000000008c200000| Untracked 
| 195|0x000000008c300000, 0x000000008c300000, 0x000000008c400000|  0%| F|  |TAMS 0x000000008c300000, 0x000000008c300000| Untracked 
| 196|0x000000008c400000, 0x000000008c400000, 0x000000008c500000|  0%| F|  |TAMS 0x000000008c400000, 0x000000008c400000| Untracked 
| 197|0x000000008c500000, 0x000000008c500000, 0x000000008c600000|  0%| F|  |TAMS 0x000000008c500000, 0x000000008c500000| Untracked 
| 198|0x000000008c600000, 0x000000008c600000, 0x000000008c700000|  0%| F|  |TAMS 0x000000008c600000, 0x000000008c600000| Untracked 
| 199|0x000000008c700000, 0x000000008c700000, 0x000000008c800000|  0%| F|  |TAMS 0x000000008c700000, 0x000000008c700000| Untracked 
| 200|0x000000008c800000, 0x000000008c800000, 0x000000008c900000|  0%| F|  |TAMS 0x000000008c800000, 0x000000008c800000| Untracked 
| 201|0x000000008c900000, 0x000000008c900000, 0x000000008ca00000|  0%| F|  |TAMS 0x000000008c900000, 0x000000008c900000| Untracked 
| 202|0x000000008ca00000, 0x000000008ca00000, 0x000000008cb00000|  0%| F|  |TAMS 0x000000008ca00000, 0x000000008ca00000| Untracked 
| 203|0x000000008cb00000, 0x000000008cb00000, 0x000000008cc00000|  0%| F|  |TAMS 0x000000008cb00000, 0x000000008cb00000| Untracked 
| 204|0x000000008cc00000, 0x000000008cc00000, 0x000000008cd00000|  0%| F|  |TAMS 0x000000008cc00000, 0x000000008cc00000| Untracked 
| 205|0x000000008cd00000, 0x000000008cd00000, 0x000000008ce00000|  0%| F|  |TAMS 0x000000008cd00000, 0x000000008cd00000| Untracked 
| 206|0x000000008ce00000, 0x000000008ce00000, 0x000000008cf00000|  0%| F|  |TAMS 0x000000008ce00000, 0x000000008ce00000| Untracked 
| 207|0x000000008cf00000, 0x000000008cf00000, 0x000000008d000000|  0%| F|  |TAMS 0x000000008cf00000, 0x000000008cf00000| Untracked 
| 208|0x000000008d000000, 0x000000008d000000, 0x000000008d100000|  0%| F|  |TAMS 0x000000008d000000, 0x000000008d000000| Untracked 
| 209|0x000000008d100000, 0x000000008d100000, 0x000000008d200000|  0%| F|  |TAMS 0x000000008d100000, 0x000000008d100000| Untracked 
| 210|0x000000008d200000, 0x000000008d200000, 0x000000008d300000|  0%| F|  |TAMS 0x000000008d200000, 0x000000008d200000| Untracked 
| 211|0x000000008d300000, 0x000000008d300000, 0x000000008d400000|  0%| F|  |TAMS 0x000000008d300000, 0x000000008d300000| Untracked 
| 212|0x000000008d400000, 0x000000008d400000, 0x000000008d500000|  0%| F|  |TAMS 0x000000008d400000, 0x000000008d400000| Untracked 
| 213|0x000000008d500000, 0x000000008d500000, 0x000000008d600000|  0%| F|  |TAMS 0x000000008d500000, 0x000000008d500000| Untracked 
| 214|0x000000008d600000, 0x000000008d600000, 0x000000008d700000|  0%| F|  |TAMS 0x000000008d600000, 0x000000008d600000| Untracked 
| 215|0x000000008d700000, 0x000000008d700000, 0x000000008d800000|  0%| F|  |TAMS 0x000000008d700000, 0x000000008d700000| Untracked 
| 216|0x000000008d800000, 0x000000008d800000, 0x000000008d900000|  0%| F|  |TAMS 0x000000008d800000, 0x000000008d800000| Untracked 
| 217|0x000000008d900000, 0x000000008d900000, 0x000000008da00000|  0%| F|  |TAMS 0x000000008d900000, 0x000000008d900000| Untracked 
| 218|0x000000008da00000, 0x000000008da00000, 0x000000008db00000|  0%| F|  |TAMS 0x000000008da00000, 0x000000008da00000| Untracked 
| 219|0x000000008db00000, 0x000000008db00000, 0x000000008dc00000|  0%| F|  |TAMS 0x000000008db00000, 0x000000008db00000| Untracked 
| 220|0x000000008dc00000, 0x000000008dc00000, 0x000000008dd00000|  0%| F|  |TAMS 0x000000008dc00000, 0x000000008dc00000| Untracked 
| 221|0x000000008dd00000, 0x000000008dd00000, 0x000000008de00000|  0%| F|  |TAMS 0x000000008dd00000, 0x000000008dd00000| Untracked 
| 222|0x000000008de00000, 0x000000008deb3a80, 0x000000008df00000| 70%| E|  |TAMS 0x000000008de00000, 0x000000008de00000| Complete 
| 223|0x000000008df00000, 0x000000008e000000, 0x000000008e000000|100%| E|CS|TAMS 0x000000008df00000, 0x000000008df00000| Complete 
| 224|0x000000008e000000, 0x000000008e100000, 0x000000008e100000|100%| E|CS|TAMS 0x000000008e000000, 0x000000008e000000| Complete 
| 225|0x000000008e100000, 0x000000008e200000, 0x000000008e200000|100%| E|CS|TAMS 0x000000008e100000, 0x000000008e100000| Complete 
| 226|0x000000008e200000, 0x000000008e300000, 0x000000008e300000|100%| E|CS|TAMS 0x000000008e200000, 0x000000008e200000| Complete 
| 227|0x000000008e300000, 0x000000008e400000, 0x000000008e400000|100%| E|CS|TAMS 0x000000008e300000, 0x000000008e300000| Complete 
| 228|0x000000008e400000, 0x000000008e500000, 0x000000008e500000|100%| E|CS|TAMS 0x000000008e400000, 0x000000008e400000| Complete 
| 229|0x000000008e500000, 0x000000008e600000, 0x000000008e600000|100%| E|CS|TAMS 0x000000008e500000, 0x000000008e500000| Complete 
| 230|0x000000008e600000, 0x000000008e700000, 0x000000008e700000|100%| E|CS|TAMS 0x000000008e600000, 0x000000008e600000| Complete 
| 231|0x000000008e700000, 0x000000008e800000, 0x000000008e800000|100%| E|CS|TAMS 0x000000008e700000, 0x000000008e700000| Complete 
| 232|0x000000008e800000, 0x000000008e900000, 0x000000008e900000|100%| E|CS|TAMS 0x000000008e800000, 0x000000008e800000| Complete 
| 233|0x000000008e900000, 0x000000008ea00000, 0x000000008ea00000|100%| E|CS|TAMS 0x000000008e900000, 0x000000008e900000| Complete 
| 234|0x000000008ea00000, 0x000000008eb00000, 0x000000008eb00000|100%| E|CS|TAMS 0x000000008ea00000, 0x000000008ea00000| Complete 
| 235|0x000000008eb00000, 0x000000008ec00000, 0x000000008ec00000|100%| E|CS|TAMS 0x000000008eb00000, 0x000000008eb00000| Complete 
| 236|0x000000008ec00000, 0x000000008ed00000, 0x000000008ed00000|100%| E|CS|TAMS 0x000000008ec00000, 0x000000008ec00000| Complete 
| 237|0x000000008ed00000, 0x000000008ee00000, 0x000000008ee00000|100%| E|CS|TAMS 0x000000008ed00000, 0x000000008ed00000| Complete 
| 238|0x000000008ee00000, 0x000000008ef00000, 0x000000008ef00000|100%| E|CS|TAMS 0x000000008ee00000, 0x000000008ee00000| Complete 
| 239|0x000000008ef00000, 0x000000008f000000, 0x000000008f000000|100%| E|CS|TAMS 0x000000008ef00000, 0x000000008ef00000| Complete 
| 240|0x000000008f000000, 0x000000008f100000, 0x000000008f100000|100%| E|CS|TAMS 0x000000008f000000, 0x000000008f000000| Complete 
| 241|0x000000008f100000, 0x000000008f200000, 0x000000008f200000|100%| E|CS|TAMS 0x000000008f100000, 0x000000008f100000| Complete 
| 242|0x000000008f200000, 0x000000008f300000, 0x000000008f300000|100%| E|CS|TAMS 0x000000008f200000, 0x000000008f200000| Complete 
| 243|0x000000008f300000, 0x000000008f400000, 0x000000008f400000|100%| E|CS|TAMS 0x000000008f300000, 0x000000008f300000| Complete 
| 244|0x000000008f400000, 0x000000008f500000, 0x000000008f500000|100%| E|CS|TAMS 0x000000008f400000, 0x000000008f400000| Complete 
| 245|0x000000008f500000, 0x000000008f600000, 0x000000008f600000|100%| E|CS|TAMS 0x000000008f500000, 0x000000008f500000| Complete 
| 246|0x000000008f600000, 0x000000008f700000, 0x000000008f700000|100%| E|CS|TAMS 0x000000008f600000, 0x000000008f600000| Complete 
| 247|0x000000008f700000, 0x000000008f800000, 0x000000008f800000|100%| E|CS|TAMS 0x000000008f700000, 0x000000008f700000| Complete 
| 248|0x000000008f800000, 0x000000008f900000, 0x000000008f900000|100%| E|CS|TAMS 0x000000008f800000, 0x000000008f800000| Complete 
| 249|0x000000008f900000, 0x000000008fa00000, 0x000000008fa00000|100%| E|CS|TAMS 0x000000008f900000, 0x000000008f900000| Complete 
| 250|0x000000008fa00000, 0x000000008fb00000, 0x000000008fb00000|100%| E|CS|TAMS 0x000000008fa00000, 0x000000008fa00000| Complete 
| 251|0x000000008fb00000, 0x000000008fc00000, 0x000000008fc00000|100%| E|CS|TAMS 0x000000008fb00000, 0x000000008fb00000| Complete 
| 252|0x000000008fc00000, 0x000000008fd00000, 0x000000008fd00000|100%| E|CS|TAMS 0x000000008fc00000, 0x000000008fc00000| Complete 
| 253|0x000000008fd00000, 0x000000008fe00000, 0x000000008fe00000|100%| E|CS|TAMS 0x000000008fd00000, 0x000000008fd00000| Complete 

Card table byte_map: [0x0000023644da0000,0x00000236451a0000] _byte_map_base: 0x00000236449a0000

Marking Bits (Prev, Next): (CMBitMap*) 0x0000023631995198, (CMBitMap*) 0x00000236319951d0
 Prev Bits: [0x00000236455a0000, 0x00000236475a0000)
 Next Bits: [0x00000236475a0000, 0x00000236495a0000)

Polling page: 0x000002362f8b0000

Metaspace:

Usage:
  Non-class:     41.99 MB capacity,    41.14 MB ( 98%) used,   740.10 KB (  2%) free+waste,   129.75 KB ( <1%) overhead. 
      Class:      6.60 MB capacity,     6.10 MB ( 92%) used,   448.08 KB (  7%) free+waste,    63.00 KB ( <1%) overhead. 
       Both:     48.59 MB capacity,    47.25 MB ( 97%) used,     1.16 MB (  2%) free+waste,   192.75 KB ( <1%) overhead. 

Virtual space:
  Non-class space:       44.00 MB reserved,      42.00 MB ( 95%) committed 
      Class space:        1.00 GB reserved,       6.63 MB ( <1%) committed 
             Both:        1.04 GB reserved,      48.63 MB (  5%) committed 

Chunk freelists:
   Non-Class:  1.00 KB
       Class:  0 bytes
        Both:  1.00 KB

MaxMetaspaceSize: 17179869184.00 GB
CompressedClassSpaceSize: 1.00 GB

CodeHeap 'non-profiled nmethods': size=120000Kb used=2720Kb max_used=2720Kb free=117280Kb
 bounds [0x000002363cf20000, 0x000002363d1d0000, 0x0000023644450000]
CodeHeap 'profiled nmethods': size=120000Kb used=9116Kb max_used=9116Kb free=110883Kb
 bounds [0x00000236359f0000, 0x00000236362e0000, 0x000002363cf20000]
CodeHeap 'non-nmethods': size=5760Kb used=2218Kb max_used=2276Kb free=3541Kb
 bounds [0x0000023635450000, 0x00000236356c0000, 0x00000236359f0000]
 total_blobs=5131 nmethods=4343 adapters=699
 compilation: enabled
              stopped_count=0, restarted_count=0
 full_count=0

Compilation events (20 events):
Event: 12.496 Thread 0x000002365098e000 nmethod 4274 0x000002363d1bb810 code [0x000002363d1bb9c0, 0x000002363d1bbfd8]
Event: 12.496 Thread 0x000002365098e000 4306       4       java.io.ObjectOutputStream$HandleTable::lookup (56 bytes)
Event: 12.499 Thread 0x000002365098e000 nmethod 4306 0x000002363d1bc390 code [0x000002363d1bc540, 0x000002363d1bc728]
Event: 12.499 Thread 0x000002365098e000 4325   !   4       java.io.ObjectOutputStream::writeObject0 (619 bytes)
Event: 12.504 Thread 0x000002364cb07000 nmethod 4230 0x000002363d1bc910 code [0x000002363d1bcbe0, 0x000002363d1bee38]
Event: 12.504 Thread 0x000002364cb07000 4322       4       java.io.ObjectOutputStream$BlockDataOutputStream::writeByte (33 bytes)
Event: 12.505 Thread 0x000002364cb07000 nmethod 4322 0x000002363d1bff90 code [0x000002363d1c0120, 0x000002363d1c01f8]
Event: 12.505 Thread 0x000002364cb07000 4324       4       java.io.ObjectStreamClass::requireInitialized (18 bytes)
Event: 12.505 Thread 0x000002364cb07000 nmethod 4324 0x000002363d1c0310 code [0x000002363d1c04a0, 0x000002363d1c0518]
Event: 12.505 Thread 0x000002364cb07000 4301       4       java.io.Bits::putInt (36 bytes)
Event: 12.506 Thread 0x000002364cb07000 nmethod 4301 0x000002363d1c0590 code [0x000002363d1c0720, 0x000002363d1c07f8]
Event: 12.506 Thread 0x000002364cb07000 4298       4       jdk.internal.reflect.ClassFileAssembler::emitShort (24 bytes)
Event: 12.509 Thread 0x000002364cb07000 nmethod 4298 0x000002363d1c0910 code [0x000002363d1c0ae0, 0x000002363d1c0d18]
Event: 12.509 Thread 0x000002364cb07000 4319       4       jdk.internal.reflect.AccessorGenerator::sub (5 bytes)
Event: 12.509 Thread 0x000002364cb07000 nmethod 4319 0x000002363d1c0f90 code [0x000002363d1c1120, 0x000002363d1c1178]
Event: 12.509 Thread 0x000002364cb07000 4330       4       sun.net.www.ParseUtil::encodePath (41 bytes)
Event: 12.512 Thread 0x000002364cb07000 nmethod 4330 0x000002363d1c1210 code [0x000002363d1c13c0, 0x000002363d1c1588]
Event: 12.519 Thread 0x000002364e176800 nmethod 4251 0x000002363d1c1790 code [0x000002363d1c1a00, 0x000002363d1c4638]
Event: 12.519 Thread 0x000002364cb0b000 4331       3       org.gradle.internal.concurrent.CompositeStoppable$1::stop (1 bytes)
Event: 12.519 Thread 0x000002364cb0b000 nmethod 4331 0x00000236362cca10 code [0x00000236362ccbc0, 0x00000236362cccb8]

GC Heap History (10 events):
Event: 4.129 GC heap before
{Heap before GC invocations=0 (full 0):
 garbage-first heap   total 260096K, used 30720K [0x0000000080000000, 0x0000000100000000)
  region size 1024K, 24 young (24576K), 0 survivors (0K)
 Metaspace       used 9850K, capacity 10050K, committed 10112K, reserved 1058816K
  class space    used 1027K, capacity 1102K, committed 1152K, reserved 1048576K
}
Event: 4.133 GC heap after
{Heap after GC invocations=1 (full 0):
 garbage-first heap   total 260096K, used 9267K [0x0000000080000000, 0x0000000100000000)
  region size 1024K, 3 young (3072K), 3 survivors (3072K)
 Metaspace       used 9850K, capacity 10050K, committed 10112K, reserved 1058816K
  class space    used 1027K, capacity 1102K, committed 1152K, reserved 1048576K
}
Event: 8.038 GC heap before
{Heap before GC invocations=1 (full 0):
 garbage-first heap   total 260096K, used 112691K [0x0000000080000000, 0x0000000100000000)
  region size 1024K, 105 young (107520K), 3 survivors (3072K)
 Metaspace       used 20760K, capacity 21149K, committed 21296K, reserved 1069056K
  class space    used 2561K, capacity 2716K, committed 2816K, reserved 1048576K
}
Event: 8.046 GC heap after
{Heap after GC invocations=2 (full 0):
 garbage-first heap   total 260096K, used 16746K [0x0000000080000000, 0x0000000100000000)
  region size 1024K, 11 young (11264K), 11 survivors (11264K)
 Metaspace       used 20760K, capacity 21149K, committed 21296K, reserved 1069056K
  class space    used 2561K, capacity 2716K, committed 2816K, reserved 1048576K
}
Event: 8.456 GC heap before
{Heap before GC invocations=3 (full 0):
 garbage-first heap   total 260096K, used 59754K [0x0000000080000000, 0x0000000100000000)
  region size 1024K, 53 young (54272K), 11 survivors (11264K)
 Metaspace       used 25088K, capacity 25705K, committed 25728K, reserved 1071104K
  class space    used 3224K, capacity 3452K, committed 3456K, reserved 1048576K
}
Event: 8.463 GC heap after
{Heap after GC invocations=4 (full 0):
 garbage-first heap   total 260096K, used 18774K [0x0000000080000000, 0x0000000100000000)
  region size 1024K, 3 young (3072K), 3 survivors (3072K)
 Metaspace       used 25088K, capacity 25705K, committed 25728K, reserved 1071104K
  class space    used 3224K, capacity 3452K, committed 3456K, reserved 1048576K
}
Event: 9.907 GC heap before
{Heap before GC invocations=4 (full 0):
 garbage-first heap   total 260096K, used 88406K [0x0000000080000000, 0x0000000100000000)
  region size 1024K, 72 young (73728K), 3 survivors (3072K)
 Metaspace       used 35071K, capacity 35804K, committed 35840K, reserved 1081344K
  class space    used 4560K, capacity 4847K, committed 4864K, reserved 1048576K
}
Event: 9.914 GC heap after
{Heap after GC invocations=5 (full 0):
 garbage-first heap   total 260096K, used 22334K [0x0000000080000000, 0x0000000100000000)
  region size 1024K, 6 young (6144K), 6 survivors (6144K)
 Metaspace       used 35071K, capacity 35804K, committed 35840K, reserved 1081344K
  class space    used 4560K, capacity 4847K, committed 4864K, reserved 1048576K
}
Event: 11.624 GC heap before
{Heap before GC invocations=6 (full 0):
 garbage-first heap   total 260096K, used 156478K [0x0000000080000000, 0x0000000100000000)
  region size 1024K, 134 young (137216K), 6 survivors (6144K)
 Metaspace       used 45872K, capacity 46978K, committed 47104K, reserved 1089536K
  class space    used 5911K, capacity 6320K, committed 6400K, reserved 1048576K
}
Event: 11.636 GC heap after
{Heap after GC invocations=7 (full 0):
 garbage-first heap   total 260096K, used 29760K [0x0000000080000000, 0x0000000100000000)
  region size 1024K, 13 young (13312K), 13 survivors (13312K)
 Metaspace       used 45872K, capacity 46978K, committed 47104K, reserved 1089536K
  class space    used 5911K, capacity 6320K, committed 6400K, reserved 1048576K
}

Deoptimization events (20 events):
Event: 12.480 Thread 0x000002364edf0000 DEOPT PACKING pc=0x00000236362597fd sp=0x000000a6e0efbf30
Event: 12.480 Thread 0x000002364edf0000 DEOPT UNPACKING pc=0x0000023635476dde sp=0x000000a6e0efb408 mode 0
Event: 12.480 Thread 0x000002364edf0000 DEOPT PACKING pc=0x0000023636258ccb sp=0x000000a6e0efbfa0
Event: 12.480 Thread 0x000002364edf0000 DEOPT UNPACKING pc=0x0000023635476dde sp=0x000000a6e0efb470 mode 0
Event: 12.482 Thread 0x000002364edf0000 DEOPT PACKING pc=0x00000236362597fd sp=0x000000a6e0efbf30
Event: 12.482 Thread 0x000002364edf0000 DEOPT UNPACKING pc=0x0000023635476dde sp=0x000000a6e0efb408 mode 0
Event: 12.482 Thread 0x000002364edf0000 DEOPT PACKING pc=0x0000023636258ccb sp=0x000000a6e0efbfa0
Event: 12.482 Thread 0x000002364edf0000 DEOPT UNPACKING pc=0x0000023635476dde sp=0x000000a6e0efb470 mode 0
Event: 12.483 Thread 0x000002364edf0000 DEOPT PACKING pc=0x00000236362597fd sp=0x000000a6e0efbde0
Event: 12.483 Thread 0x000002364edf0000 DEOPT UNPACKING pc=0x0000023635476dde sp=0x000000a6e0efb2b8 mode 0
Event: 12.483 Thread 0x000002364edf0000 DEOPT PACKING pc=0x0000023636258ccb sp=0x000000a6e0efbe50
Event: 12.483 Thread 0x000002364edf0000 DEOPT UNPACKING pc=0x0000023635476dde sp=0x000000a6e0efb320 mode 0
Event: 12.484 Thread 0x000002364edf0000 DEOPT PACKING pc=0x00000236362597fd sp=0x000000a6e0efbc60
Event: 12.484 Thread 0x000002364edf0000 DEOPT UNPACKING pc=0x0000023635476dde sp=0x000000a6e0efb138 mode 0
Event: 12.484 Thread 0x000002364edf0000 DEOPT PACKING pc=0x0000023636258ccb sp=0x000000a6e0efbcd0
Event: 12.484 Thread 0x000002364edf0000 DEOPT UNPACKING pc=0x0000023635476dde sp=0x000000a6e0efb1a0 mode 0
Event: 12.486 Thread 0x000002364edf0000 DEOPT PACKING pc=0x0000023636258ccb sp=0x000000a6e0efa370
Event: 12.486 Thread 0x000002364edf0000 DEOPT UNPACKING pc=0x0000023635476dde sp=0x000000a6e0ef9840 mode 0
Event: 12.486 Thread 0x000002364edf0000 DEOPT PACKING pc=0x0000023636258ccb sp=0x000000a6e0efa370
Event: 12.486 Thread 0x000002364edf0000 DEOPT UNPACKING pc=0x0000023635476dde sp=0x000000a6e0ef9840 mode 0

Classes redefined (0 events):
No events

Internal exceptions (20 events):
Event: 11.849 Thread 0x000002364edf0000 Exception <a 'java/lang/NoSuchMethodError'{0x000000008f07de78}: 'java.lang.Object java.lang.invoke.Invokers$Holder.invoker(java.lang.Object, java.lang.Object, java.lang.Object, java.lang.Object, java.lang.Object, java.lang.Object, java.lang.Object, java.lang.Object, java.lang.Object, java.lang.Object, java.lang.Object, java.lang.Object, java.lang.Object, java.lang.Object, java.lang.Object, java.lang.Object, java.lang.Object, java.lang.Object, java.lang.Object, java.lang.Object)'> (0x000000008f07de78) throw
Event: 11.849 Thread 0x000002364edf0000 Exception <a 'java/lang/NoSuchMethodError'{0x000000008f0d45f8}: 'java.lang.Object java.lang.invoke.DelegatingMethodHandle$Holder.delegate(java.lang.Object, java.lang.Object, java.lang.Object, java.lang.Object, java.lang.Object, java.lang.Object, java.lang.Object, java.lang.Object, java.lang.Object, java.lang.Object, java.lang.Object, java.lang.Object, java.lang.Object, java.lang.Object, java.lang.Object, java.lang.Object, java.lang.Object, java.lang.Object, java.lang.Object, java.lang.Object)'> (0x00000000
Event: 11.851 Thread 0x000002364edf0000 Exception <a 'java/lang/NoSuchMethodError'{0x000000008ef1c018}: 'java.lang.Object java.lang.invoke.DirectMethodHandle$Holder.invokeStatic(java.lang.Object, java.lang.Object, java.lang.Object, java.lang.Object, java.lang.Object, java.lang.Object, java.lang.Object, java.lang.Object, java.lang.Object, java.lang.Object, java.lang.Object, java.lang.Object, java.lang.Object, java.lang.Object, java.lang.Object)'> (0x000000008ef1c018) thrown at [./src/hotspot/share/interpreter/linkResolver.cpp, line 773]
Event: 11.852 Thread 0x000002364edf0000 Exception <a 'java/lang/NoSuchMethodError'{0x000000008ef2c4c0}: 'java.lang.Object java.lang.invoke.DirectMethodHandle$Holder.invokeStatic(java.lang.Object, java.lang.Object, java.lang.Object, java.lang.Object, java.lang.Object, java.lang.Object, java.lang.Object, java.lang.Object, java.lang.Object, java.lang.Object, java.lang.Object, java.lang.Object, java.lang.Object, java.lang.Object, java.lang.Object, java.lang.Object)'> (0x000000008ef2c4c0) thrown at [./src/hotspot/share/interpreter/linkResolver.cpp, l
Event: 11.853 Thread 0x000002364edf0000 Exception <a 'java/lang/NoSuchMethodError'{0x000000008ef3c6f0}: 'java.lang.Object java.lang.invoke.DelegatingMethodHandle$Holder.reinvoke_L(java.lang.Object, java.lang.Object, java.lang.Object, java.lang.Object, java.lang.Object, java.lang.Object, java.lang.Object, java.lang.Object, java.lang.Object, java.lang.Object, java.lang.Object, java.lang.Object, java.lang.Object, java.lang.Object, java.lang.Object, java.lang.Object, java.lang.Object, java.lang.Object, java.lang.Object)'> (0x000000008ef3c6f0) thrown
Event: 12.375 Thread 0x000002364edf0000 Exception <a 'java/io/IOException'{0x000000008e962b78}> (0x000000008e962b78) thrown at [./src/hotspot/share/prims/jni.cpp, line 615]
Event: 12.378 Thread 0x000002364edf0000 Exception <a 'java/lang/NoSuchMethodError'{0x000000008e9b5058}: 'long java.lang.invoke.DirectMethodHandle$Holder.invokeVirtual(java.lang.Object, java.lang.Object)'> (0x000000008e9b5058) thrown at [./src/hotspot/share/interpreter/linkResolver.cpp, line 773]
Event: 12.388 Thread 0x000002364fe7b800 Exception <a 'java/lang/NoSuchMethodError'{0x000000008fd08b88}: <clinit>> (0x000000008fd08b88) thrown at [./src/hotspot/share/prims/jni.cpp, line 1362]
Event: 12.390 Thread 0x000002364fe7b800 Exception <a 'java/lang/NoSuchMethodError'{0x000000008e695f30}: <clinit>> (0x000000008e695f30) thrown at [./src/hotspot/share/prims/jni.cpp, line 1362]
Event: 12.390 Thread 0x000002364fe7b800 Exception <a 'java/lang/NoSuchMethodError'{0x000000008e697190}: <clinit>> (0x000000008e697190) thrown at [./src/hotspot/share/prims/jni.cpp, line 1362]
Event: 12.391 Thread 0x000002364fe7b800 Exception <a 'java/lang/NoSuchMethodError'{0x000000008e698498}: <clinit>> (0x000000008e698498) thrown at [./src/hotspot/share/prims/jni.cpp, line 1362]
Event: 12.391 Thread 0x000002364fe7b800 Exception <a 'java/lang/NoSuchMethodError'{0x000000008e6994b8}: <clinit>> (0x000000008e6994b8) thrown at [./src/hotspot/share/prims/jni.cpp, line 1362]
Event: 12.391 Thread 0x000002364fe7b800 Exception <a 'java/lang/NoSuchMethodError'{0x000000008e6ab8b8}: <clinit>> (0x000000008e6ab8b8) thrown at [./src/hotspot/share/prims/jni.cpp, line 1362]
Event: 12.392 Thread 0x000002364fe7b800 Exception <a 'java/lang/NoSuchMethodError'{0x000000008e6b5d10}: <clinit>> (0x000000008e6b5d10) thrown at [./src/hotspot/share/prims/jni.cpp, line 1362]
Event: 12.393 Thread 0x000002364fe7b800 Exception <a 'java/lang/NoSuchMethodError'{0x000000008e6c9650}: <clinit>> (0x000000008e6c9650) thrown at [./src/hotspot/share/prims/jni.cpp, line 1362]
Event: 12.394 Thread 0x000002364fe7b800 Exception <a 'java/lang/NoSuchMethodError'{0x000000008e6e3e40}: <clinit>> (0x000000008e6e3e40) thrown at [./src/hotspot/share/prims/jni.cpp, line 1362]
Event: 12.437 Thread 0x000002364edf0000 Exception <a 'java/lang/NoSuchMethodError'{0x000000008e4cc830}: 'java.lang.Object java.lang.invoke.Invokers$Holder.linkToTargetMethod(java.lang.Object, java.lang.Object, java.lang.Object, int, java.lang.Object, java.lang.Object)'> (0x000000008e4cc830) thrown at [./src/hotspot/share/interpreter/linkResolver.cpp, line 773]
Event: 12.439 Thread 0x000002364edf0000 Exception <a 'java/lang/NoSuchMethodError'{0x000000008e304488}: 'java.lang.Object java.lang.invoke.DirectMethodHandle$Holder.invokeStatic(java.lang.Object, java.lang.Object, java.lang.Object, java.lang.Object, int)'> (0x000000008e304488) thrown at [./src/hotspot/share/interpreter/linkResolver.cpp, line 773]
Event: 12.439 Thread 0x000002364edf0000 Exception <a 'java/lang/NoSuchMethodError'{0x000000008e3082e0}: 'java.lang.Object java.lang.invoke.DirectMethodHandle$Holder.invokeSpecial(java.lang.Object, java.lang.Object, java.lang.Object, java.lang.Object, java.lang.Object, int)'> (0x000000008e3082e0) thrown at [./src/hotspot/share/interpreter/linkResolver.cpp, line 773]
Event: 12.440 Thread 0x000002364edf0000 Exception <a 'java/lang/NoSuchMethodError'{0x000000008e30be80}: 'java.lang.Object java.lang.invoke.Invokers$Holder.linkToTargetMethod(java.lang.Object, java.lang.Object, java.lang.Object, int, java.lang.Object)'> (0x000000008e30be80) thrown at [./src/hotspot/share/interpreter/linkResolver.cpp, line 773]

Events (20 events):
Event: 12.510 loading class com/google/common/collect/Maps$KeySet
Event: 12.510 loading class com/google/common/collect/Maps$KeySet done
Event: 12.518 loading class com/google/common/collect/AbstractMapBasedMultimap$KeySet$1
Event: 12.518 loading class com/google/common/collect/AbstractMapBasedMultimap$KeySet$1 done
Event: 12.518 loading class com/google/common/collect/AbstractMapBasedMultimap$WrappedNavigableSet
Event: 12.518 loading class com/google/common/collect/AbstractMapBasedMultimap$WrappedNavigableSet done
Event: 12.518 loading class com/google/common/collect/AbstractMapBasedMultimap$WrappedSortedSet
Event: 12.518 loading class com/google/common/collect/AbstractMapBasedMultimap$WrappedSortedSet done
Event: 12.518 loading class org/gradle/cache/internal/VersionSpecificCacheCleanupAction$CleanupCondition
Event: 12.518 loading class org/gradle/cache/internal/VersionSpecificCacheCleanupAction$CleanupCondition done
Event: 12.519 loading class org/gradle/internal/work/DefaultWorkerLeaseService$1
Event: 12.519 loading class org/gradle/internal/work/DefaultWorkerLeaseService$1 done
Event: 12.520 loading class com/google/common/cache/LocalCache$Values
Event: 12.520 loading class com/google/common/cache/LocalCache$Values done
Event: 12.520 loading class com/google/common/cache/LocalCache$ValueIterator
Event: 12.520 loading class com/google/common/cache/LocalCache$ValueIterator done
Event: 12.520 loading class com/google/common/cache/LocalCache$HashIterator
Event: 12.520 loading class com/google/common/cache/LocalCache$HashIterator done
Event: 12.520 loading class com/google/common/cache/LocalCache$WriteThroughEntry
Event: 12.520 loading class com/google/common/cache/LocalCache$WriteThroughEntry done


Dynamic libraries:
0x00007ff7c0a40000 - 0x00007ff7c0a4a000 	D:\Android Studio\jre\bin\java.exe
0x00007ffefede0000 - 0x00007ffefefe9000 	C:\WINDOWS\SYSTEM32\ntdll.dll
0x00007ffefdd60000 - 0x00007ffefde1d000 	C:\WINDOWS\System32\KERNEL32.DLL
0x00007ffefc8c0000 - 0x00007ffefcc39000 	C:\WINDOWS\System32\KERNELBASE.dll
0x00007ffefc2c0000 - 0x00007ffefc3d1000 	C:\WINDOWS\System32\ucrtbase.dll
0x00007ffef1570000 - 0x00007ffef1589000 	D:\Android Studio\jre\bin\jli.dll
0x00007ffef1550000 - 0x00007ffef1567000 	D:\Android Studio\jre\bin\VCRUNTIME140.dll
0x00007ffefd970000 - 0x00007ffefdb1c000 	C:\WINDOWS\System32\USER32.dll
0x00007ffee5d10000 - 0x00007ffee5fb5000 	C:\WINDOWS\WinSxS\amd64_microsoft.windows.common-controls_6595b64144ccf1df_6.0.22000.120_none_9d947278b86cc467\COMCTL32.dll
0x00007ffefcc40000 - 0x00007ffefcc66000 	C:\WINDOWS\System32\win32u.dll
0x00007ffefde20000 - 0x00007ffefdec3000 	C:\WINDOWS\System32\msvcrt.dll
0x00007ffefe280000 - 0x00007ffefe2a9000 	C:\WINDOWS\System32\GDI32.dll
0x00007ffefc480000 - 0x00007ffefc592000 	C:\WINDOWS\System32\gdi32full.dll
0x00007ffefc3e0000 - 0x00007ffefc47d000 	C:\WINDOWS\System32\msvcp_win.dll
0x00007ffefeb60000 - 0x00007ffefeb91000 	C:\WINDOWS\System32\IMM32.DLL
0x00007ffef0f80000 - 0x00007ffef101d000 	D:\Android Studio\jre\bin\msvcp140.dll
0x00007ffe919c0000 - 0x00007ffe92495000 	D:\Android Studio\jre\bin\server\jvm.dll
0x00007ffefcfb0000 - 0x00007ffefd05e000 	C:\WINDOWS\System32\ADVAPI32.dll
0x00007ffefce20000 - 0x00007ffefcebe000 	C:\WINDOWS\System32\sechost.dll
0x00007ffefdb20000 - 0x00007ffefdc40000 	C:\WINDOWS\System32\RPCRT4.dll
0x00007ffefdfc0000 - 0x00007ffefdfc8000 	C:\WINDOWS\System32\PSAPI.DLL
0x00007ffef6330000 - 0x00007ffef6363000 	C:\WINDOWS\SYSTEM32\WINMM.dll
0x00007ffef60e0000 - 0x00007ffef60e9000 	C:\WINDOWS\SYSTEM32\WSOCK32.dll
0x00007ffef70d0000 - 0x00007ffef70da000 	C:\WINDOWS\SYSTEM32\VERSION.dll
0x00007ffefd060000 - 0x00007ffefd0cf000 	C:\WINDOWS\System32\WS2_32.dll
0x00007ffefb4b0000 - 0x00007ffefb4c8000 	C:\WINDOWS\SYSTEM32\kernel.appcore.dll
0x00007ffef1110000 - 0x00007ffef1121000 	D:\Android Studio\jre\bin\verify.dll
0x00007ffef9e20000 - 0x00007ffefa041000 	C:\WINDOWS\SYSTEM32\DBGHELP.DLL
0x00007ffee18e0000 - 0x00007ffee1911000 	C:\WINDOWS\SYSTEM32\dbgcore.DLL
0x00007ffefc610000 - 0x00007ffefc68f000 	C:\WINDOWS\System32\bcryptPrimitives.dll
0x00007ffef08c0000 - 0x00007ffef08e9000 	D:\Android Studio\jre\bin\java.dll
0x00007ffef1100000 - 0x00007ffef110b000 	D:\Android Studio\jre\bin\jimage.dll
0x00007ffef08a0000 - 0x00007ffef08b8000 	D:\Android Studio\jre\bin\zip.dll
0x00007ffefd100000 - 0x00007ffefd8b8000 	C:\WINDOWS\System32\SHELL32.dll
0x00007ffefa440000 - 0x00007ffefaca8000 	C:\WINDOWS\SYSTEM32\windows.storage.dll
0x00007ffefe720000 - 0x00007ffefea99000 	C:\WINDOWS\System32\combase.dll
0x00007ffefa2d0000 - 0x00007ffefa436000 	C:\WINDOWS\SYSTEM32\wintypes.dll
0x00007ffefded0000 - 0x00007ffefdfba000 	C:\WINDOWS\System32\SHCORE.dll
0x00007ffefec50000 - 0x00007ffefecad000 	C:\WINDOWS\System32\shlwapi.dll
0x00007ffefc1f0000 - 0x00007ffefc211000 	C:\WINDOWS\SYSTEM32\profapi.dll
0x00007ffeebc70000 - 0x00007ffeebc8a000 	D:\Android Studio\jre\bin\net.dll
0x00007ffef6370000 - 0x00007ffef647c000 	C:\WINDOWS\SYSTEM32\WINHTTP.dll
0x00007ffefb8e0000 - 0x00007ffefb947000 	C:\WINDOWS\system32\mswsock.dll
0x00007ffeebad0000 - 0x00007ffeebae4000 	D:\Android Studio\jre\bin\nio.dll
0x00007ffee0ae0000 - 0x00007ffee0b07000 	C:\Users\Razer\.gradle\native\e1d6ef7f7dcc3fd88c89a11ec53ec762bb8ba0a96d01ffa2cd45eb1d1d8dd5c5\windows-amd64\native-platform.dll
0x00007ffea3530000 - 0x00007ffea3674000 	C:\Users\Razer\.gradle\native\5664cfc778a61ccfe75a443a1ab52a65af34e5dc3c78e0209fed803814484fcb\windows-amd64\native-platform-file-events.dll
0x00007ffef10f0000 - 0x00007ffef10fa000 	D:\Android Studio\jre\bin\management.dll
0x00007ffeebc60000 - 0x00007ffeebc6d000 	D:\Android Studio\jre\bin\management_ext.dll
0x00007ffefbb20000 - 0x00007ffefbb38000 	C:\WINDOWS\SYSTEM32\CRYPTSP.dll
0x00007ffefb410000 - 0x00007ffefb445000 	C:\WINDOWS\system32\rsaenh.dll
0x00007ffefb9d0000 - 0x00007ffefb9f9000 	C:\WINDOWS\SYSTEM32\USERENV.dll
0x00007ffefbca0000 - 0x00007ffefbcc7000 	C:\WINDOWS\SYSTEM32\bcrypt.dll
0x00007ffefbb40000 - 0x00007ffefbb4c000 	C:\WINDOWS\SYSTEM32\CRYPTBASE.dll
0x00007ffefafe0000 - 0x00007ffefb00d000 	C:\WINDOWS\SYSTEM32\IPHLPAPI.DLL
0x00007ffefce10000 - 0x00007ffefce19000 	C:\WINDOWS\System32\NSI.dll
0x00007ffef6540000 - 0x00007ffef6559000 	C:\WINDOWS\SYSTEM32\dhcpcsvc6.DLL
0x00007ffef6900000 - 0x00007ffef691e000 	C:\WINDOWS\SYSTEM32\dhcpcsvc.DLL
0x00007ffefb010000 - 0x00007ffefb0f8000 	C:\WINDOWS\SYSTEM32\DNSAPI.dll

dbghelp: loaded successfully - version: 4.0.5 - missing functions: none
symbol engine: initialized successfully - sym options: 0x614 - pdb path: .;D:\Android Studio\jre\bin;C:\WINDOWS\SYSTEM32;C:\WINDOWS\WinSxS\amd64_microsoft.windows.common-controls_6595b64144ccf1df_6.0.22000.120_none_9d947278b86cc467;D:\Android Studio\jre\bin\server;C:\Users\Razer\.gradle\native\e1d6ef7f7dcc3fd88c89a11ec53ec762bb8ba0a96d01ffa2cd45eb1d1d8dd5c5\windows-amd64;C:\Users\Razer\.gradle\native\5664cfc778a61ccfe75a443a1ab52a65af34e5dc3c78e0209fed803814484fcb\windows-amd64

VM Arguments:
jvm_args: --add-opens=java.base/java.util=ALL-UNNAMED --add-opens=java.base/java.lang=ALL-UNNAMED --add-opens=java.base/java.lang.invoke=ALL-UNNAMED --add-opens=java.base/java.util=ALL-UNNAMED --add-opens=java.prefs/java.util.prefs=ALL-UNNAMED --add-opens=java.prefs/java.util.prefs=ALL-UNNAMED --add-opens=java.base/java.nio.charset=ALL-UNNAMED --add-opens=java.base/java.net=ALL-UNNAMED --add-opens=java.base/java.util.concurrent.atomic=ALL-UNNAMED -Xmx2048m -Dfile.encoding=UTF-8 -Duser.country=US -Duser.language=en -Duser.variant 
java_command: org.gradle.launcher.daemon.bootstrap.GradleDaemon 7.3.3
java_class_path (initial): C:\Users\Razer\.gradle\wrapper\dists\gradle-7.3.3-bin\6a41zxkdtcxs8rphpq6y0069z\gradle-7.3.3\lib\gradle-launcher-7.3.3.jar
Launcher Type: SUN_STANDARD

[Global flags]
     intx CICompilerCount                          = 4                                         {product} {ergonomic}
     uint ConcGCThreads                            = 3                                         {product} {ergonomic}
     uint G1ConcRefinementThreads                  = 10                                        {product} {ergonomic}
   size_t G1HeapRegionSize                         = 1048576                                   {product} {ergonomic}
    uintx GCDrainStackTargetSize                   = 64                                        {product} {ergonomic}
   size_t InitialHeapSize                          = 266338304                                 {product} {ergonomic}
   size_t MarkStackSize                            = 4194304                                   {product} {ergonomic}
   size_t MaxHeapSize                              = 2147483648                                {product} {command line}
   size_t MaxNewSize                               = 1287651328                                {product} {ergonomic}
   size_t MinHeapDeltaBytes                        = 1048576                                   {product} {ergonomic}
    uintx NonNMethodCodeHeapSize                   = 5836300                                {pd product} {ergonomic}
    uintx NonProfiledCodeHeapSize                  = 122910970                              {pd product} {ergonomic}
    uintx ProfiledCodeHeapSize                     = 122910970                              {pd product} {ergonomic}
    uintx ReservedCodeCacheSize                    = 251658240                              {pd product} {ergonomic}
     bool SegmentedCodeCache                       = true                                      {product} {ergonomic}
     bool UseCompressedClassPointers               = true                                 {lp64_product} {ergonomic}
     bool UseCompressedOops                        = true                                 {lp64_product} {ergonomic}
     bool UseG1GC                                  = true                                      {product} {ergonomic}
     bool UseLargePagesIndividualAllocation        = false                                  {pd product} {ergonomic}

Logging:
Log output configuration:
 #0: stdout all=warning uptime,level,tags
 #1: stderr all=off uptime,level,tags

Environment Variables:
PATH=C:\Program Files (x86)\Razer Chroma SDK\bin;C:\Program Files\Razer Chroma SDK\bin;C:\Program Files (x86)\Razer\ChromaBroadcast\bin;C:\Program Files\Razer\ChromaBroadcast\bin;C:\Windows\system32;C:\Windows;C:\Windows\System32\Wbem;C:\Windows\System32\WindowsPowerShell\v1.0\;C:\Windows\System32\OpenSSH\;C:\Program Files (x86)\Intel\Intel(R) Management Engine Components\DAL;C:\Program Files\Intel\Intel(R) Management Engine Components\DAL;C:\Program Files\Intel\WiFi\bin\;C:\Program Files\Common Files\Intel\WirelessCommon\;C:\Program Files (x86)\NVIDIA Corporation\PhysX\Common;C:\Program Files\NVIDIA Corporation\NVIDIA NvDLISR;C:\Users\Administrator\AppData\Local\Microsoft\WindowsApps;C:\WINDOWS\system32\config\systemprofile\AppData\Local\Microsoft\WindowsApps;C:\Program Files\Microsoft SQL Server\Client SDK\ODBC\170\Tools\Binn\;C:\Program Files (x86)\Microsoft SQL Server\150\Tools\Binn\;C:\Program Files\Microsoft SQL Server\150\Tools\Binn\;C:\Program Files\Microsoft SQL Server\150\DTS\Binn\;C:\WINDOWS\system32;C:\WINDOWS;C:\WINDOWS\System32\Wbem;C:\WINDOWS\System32\WindowsPowerShell\v1.0\;C:\WINDOWS\System32\OpenSSH\;D:\Poly Year 2\Sem 1\Distributed Ledger Technology\Week 6 (White Space)\Nodes.Js\;C:\Program Files\Git\cmd;D:\Bitvise SSH Client;D:\Python\Scripts\;D:\Python\;C:\Users\Razer\AppData\Local\Microsoft\WindowsApps;C:\Users\Razer\AppData\Local\GitHubDesktop\bin;C:\Users\Razer\AppData\Roaming\npm;D:\New folder (2)\Microsoft VS Code\bin;C:\ProgramData\Razer\GitHubDesktop\bin
USERNAME=Razer
OS=Windows_NT
PROCESSOR_IDENTIFIER=Intel64 Family 6 Model 158 Stepping 10, GenuineIntel



---------------  S Y S T E M  ---------------

OS: Windows 10 , 64 bit Build 22000 (10.0.22000.708)
OS uptime: 9 days 6:52 hours

CPU:total 12 (initial active 12) (6 cores per cpu, 2 threads per core) family 6 model 158 stepping 10 microcode 0xde, cmov, cx8, fxsr, mmx, sse, sse2, sse3, ssse3, sse4.1, sse4.2, popcnt, avx, avx2, aes, clmul, erms, 3dnowpref, lzcnt, ht, tsc, tscinvbit, bmi1, bmi2, adx, fma

Memory: 4k page, system-wide physical 16248M (2454M free)
TotalPageFile size 23075M (AvailPageFile size 0M)
current process WorkingSet (physical memory assigned to process): 352M, peak: 352M
current process commit charge ("private bytes"): 480M, peak: 481M

vm_info: OpenJDK 64-Bit Server VM (11.0.11+9-b60-7590822) for windows-amd64 JRE (11.0.11+9-b60-7590822), built on Jul 29 2021 21:43:44 by "builder" with MS VC++ 14.0 (VS2015)

END.
